================================================
LTX-2.3 19B Split Pipeline
Temp:  /opt/comfy-toolbox/tmp/ltx23_19b_split
Skip:  none
Args:  --prompt The camera opens in a calm, sunlit frog yoga studio. Warm morning light washes over the wooden floor as incense smoke drifts lazily in the air. The senior frog instructor sits cross-legged at the center, eyes closed, voice deep and calm. "We are one with the pond." All the frogs answer softly: "Ommm..." "We are one with the mud." "Ommm..." He smiles faintly. "We are one with the flies." A pause. The camera pans to the side towards one frog who twitches, eyes darting. Suddenly its tongue snaps out, catching a fly mid-air and pulling it into its mouth. The master exhales slowly, still serene. "But we do not chase the flies..." Beat. "not during class." The guilty frog lowers its head in shame, folding its hands back into a meditative pose. The other frogs resume their chant: "Ommm..." Camera holds for a moment on the embarrassed frog, eyes closed too tightly, pretending nothing happened. --seed 42 --width 768 --height 512 --frames 97 --fps 24
================================================

============================================
  Stage 1: Stage 1 -- half-res denoising
============================================
Traceback (most recent call last):
  File "/opt/comfy-toolbox/ltx23_19b_stage1.py", line 24, in <module>
    from ltx_core.quantization import QuantizationPolicy
  File "/opt/LTX-2/packages/ltx-core/src/ltx_core/quantization/__init__.py", line 1, in <module>
    from ltx_core.quantization.fp8_cast import (
    ...<3 lines>...
    )
  File "/opt/LTX-2/packages/ltx-core/src/ltx_core/quantization/fp8_cast.py", line 3, in <module>
    from ltx_core.loader.kernels import TRITON_AVAILABLE
  File "/opt/LTX-2/packages/ltx-core/src/ltx_core/loader/__init__.py", line 3, in <module>
    from ltx_core.loader.fuse_loras import apply_loras
  File "/opt/LTX-2/packages/ltx-core/src/ltx_core/loader/fuse_loras.py", line 8, in <module>
    from ltx_core.quantization.fp8_cast import fused_add_round_launch
ImportError: cannot import name 'fused_add_round_launch' from partially initialized module 'ltx_core.quantization.fp8_cast' (most likely due to a circular import) (/opt/LTX-2/packages/ltx-core/src/ltx_core/quantization/fp8_cast.py)
